<?xml version="1.0" encoding="UTF-8"?>
<testng-results skipped="0" failed="1" total="1" passed="0">
  <reporter-output>
  </reporter-output>
  <suite name="Default suite" duration-ms="34526" started-at="2021-05-05T05:11:57Z" finished-at="2021-05-05T05:12:31Z">
    <groups>
    </groups>
    <test name="Default test" duration-ms="34526" started-at="2021-05-05T05:11:57Z" finished-at="2021-05-05T05:12:31Z">
      <class name="com.LumensSite.Test.FiltersVerfy">
        <test-method status="PASS" signature="bTest()[pri:0, instance:com.LumensSite.Test.FiltersVerfy@59f99ea]" name="bTest" is-config="true" duration-ms="18498" started-at="2021-05-05T10:41:57Z" finished-at="2021-05-05T10:42:15Z">
          <reporter-output>
          </reporter-output>
        </test-method> <!-- bTest -->
        <test-method status="FAIL" signature="login()[pri:0, instance:com.LumensSite.Test.FiltersVerfy@59f99ea]" name="login" duration-ms="13677" started-at="2021-05-05T10:42:15Z" finished-at="2021-05-05T10:42:29Z">
          <exception class="java.lang.NoSuchFieldError">
            <message>
              <![CDATA[OOXML_FILE_HEADER]]>
            </message>
            <full-stacktrace>
              <![CDATA[java.lang.NoSuchFieldError: OOXML_FILE_HEADER
	at org.apache.poi.poifs.filesystem.FileMagic.<clinit>(FileMagic.java:43)
	at org.apache.poi.openxml4j.opc.internal.ZipHelper.openZipStream(ZipHelper.java:174)
	at org.apache.poi.openxml4j.opc.ZipPackage.<init>(ZipPackage.java:104)
	at org.apache.poi.openxml4j.opc.OPCPackage.open(OPCPackage.java:307)
	at org.apache.poi.ooxml.util.PackageHelper.open(PackageHelper.java:47)
	at org.apache.poi.xssf.usermodel.XSSFWorkbook.<init>(XSSFWorkbook.java:309)
	at com.LumensSite.Base.BaseClass.getData(BaseClass.java:58)
	at com.LumensSite.Test.FiltersVerfy.login(FiltersVerfy.java:31)
	at sun.reflect.NativeMethodAccessorImpl.invoke0(Native Method)
	at sun.reflect.NativeMethodAccessorImpl.invoke(Unknown Source)
	at sun.reflect.DelegatingMethodAccessorImpl.invoke(Unknown Source)
	at java.lang.reflect.Method.invoke(Unknown Source)
	at org.testng.internal.MethodInvocationHelper.invokeMethod(MethodInvocationHelper.java:100)
	at org.testng.internal.Invoker.invokeMethod(Invoker.java:646)
	at org.testng.internal.Invoker.invokeTestMethod(Invoker.java:811)
	at org.testng.internal.Invoker.invokeTestMethods(Invoker.java:1137)
	at org.testng.internal.TestMethodWorker.invokeTestMethods(TestMethodWorker.java:129)
	at org.testng.internal.TestMethodWorker.run(TestMethodWorker.java:112)
	at org.testng.TestRunner.privateRun(TestRunner.java:753)
	at org.testng.TestRunner.run(TestRunner.java:607)
	at org.testng.SuiteRunner.runTest(SuiteRunner.java:368)
	at org.testng.SuiteRunner.runSequentially(SuiteRunner.java:363)
	at org.testng.SuiteRunner.privateRun(SuiteRunner.java:321)
	at org.testng.SuiteRunner.run(SuiteRunner.java:270)
	at org.testng.SuiteRunnerWorker.runSuite(SuiteRunnerWorker.java:52)
	at org.testng.SuiteRunnerWorker.run(SuiteRunnerWorker.java:86)
	at org.testng.TestNG.runSuitesSequentially(TestNG.java:1284)
	at org.testng.TestNG.runSuitesLocally(TestNG.java:1209)
	at org.testng.TestNG.runSuites(TestNG.java:1124)
	at org.testng.TestNG.run(TestNG.java:1096)
	at org.testng.remote.AbstractRemoteTestNG.run(AbstractRemoteTestNG.java:132)
	at org.testng.remote.RemoteTestNG.initAndRun(RemoteTestNG.java:236)
	at org.testng.remote.RemoteTestNG.main(RemoteTestNG.java:81)
]]>
            </full-stacktrace>
          </exception> <!-- java.lang.NoSuchFieldError -->
          <reporter-output>
          </reporter-output>
        </test-method> <!-- login -->
        <test-method status="PASS" signature="aTest()[pri:0, instance:com.LumensSite.Test.FiltersVerfy@59f99ea]" name="aTest" is-config="true" duration-ms="2276" started-at="2021-05-05T10:42:29Z" finished-at="2021-05-05T10:42:31Z">
          <reporter-output>
          </reporter-output>
        </test-method> <!-- aTest -->
      </class> <!-- com.LumensSite.Test.FiltersVerfy -->
    </test> <!-- Default test -->
  </suite> <!-- Default suite -->
</testng-results>
